SF:/Users/christianfindlay/Documents/Code/dart_node/examples/mobile/lib/app.dart
DA:15,1
DA:17,1
DA:18,1
DA:19,1
DA:20,1
DA:22,1
DA:23,1
DA:24,1
DA:26,1
DA:27,1
DA:28,1
DA:32,1
DA:33,1
DA:34,1
DA:35,1
DA:38,1
DA:43,1
DA:45,1
DA:46,1
DA:78,2
DA:85,2
DA:86,2
DA:87,2
DA:88,2
DA:94,0
DA:95,2
LF:26
LH:25
end_of_record
SF:/Users/christianfindlay/Documents/Code/dart_node/examples/mobile/lib/screens/login_screen.dart
DA:13,1
DA:17,2
DA:18,2
DA:19,2
DA:20,2
DA:21,2
DA:28,2
DA:29,1
DA:30,1
DA:31,1
DA:32,1
DA:33,1
DA:34,1
DA:35,1
DA:36,1
DA:37,1
DA:39,1
DA:41,1
DA:43,2
DA:44,2
DA:45,2
DA:46,2
DA:47,2
DA:48,2
DA:50,1
DA:51,1
DA:52,1
DA:54,2
DA:55,2
DA:56,2
DA:57,2
DA:58,2
DA:59,2
DA:62,2
DA:63,2
DA:64,2
DA:68,2
DA:70,2
DA:71,2
DA:72,2
DA:75,2
DA:78,2
DA:82,2
DA:84,2
DA:85,2
DA:87,2
DA:90,2
DA:91,2
DA:92,2
DA:93,2
DA:94,2
DA:95,2
DA:96,2
DA:103,2
DA:105,2
DA:112,2
DA:113,2
DA:114,2
DA:116,2
DA:117,2
DA:118,1
DA:119,2
DA:122,2
DA:123,2
DA:124,2
DA:125,2
DA:126,0
DA:129,2
DA:130,2
DA:131,2
DA:132,2
DA:134,1
DA:137,1
DA:139,2
DA:140,2
DA:142,2
DA:143,1
DA:144,2
DA:145,1
DA:146,1
DA:147,2
LF:81
LH:80
end_of_record
SF:/Users/christianfindlay/Documents/Code/dart_node/examples/mobile/lib/screens/register_screen.dart
DA:13,1
DA:17,1
DA:18,1
DA:19,1
DA:20,1
DA:21,1
DA:22,1
DA:30,1
DA:31,1
DA:32,1
DA:33,1
DA:34,1
DA:35,1
DA:36,1
DA:37,1
DA:38,1
DA:39,1
DA:41,1
DA:43,1
DA:44,1
DA:45,1
DA:46,1
DA:47,1
DA:48,1
DA:50,1
DA:51,1
DA:52,1
DA:54,1
DA:55,1
DA:56,1
DA:57,1
DA:58,1
DA:59,1
DA:62,1
DA:63,1
DA:64,1
DA:68,1
DA:70,1
DA:71,1
DA:72,1
DA:75,1
DA:77,1
DA:81,1
DA:83,1
DA:84,1
DA:85,1
DA:88,1
DA:91,1
DA:95,1
DA:97,1
DA:98,1
DA:100,1
DA:103,1
DA:104,1
DA:105,1
DA:106,1
DA:107,1
DA:108,2
DA:109,1
DA:116,1
DA:118,1
DA:126,1
DA:127,1
DA:128,1
DA:130,1
DA:131,1
DA:132,1
DA:133,1
DA:134,1
DA:135,1
DA:136,1
DA:137,1
DA:138,1
DA:139,1
DA:140,1
DA:141,2
DA:143,1
DA:144,1
DA:145,1
DA:146,1
DA:147,1
DA:148,1
LF:82
LH:82
end_of_record
SF:/Users/christianfindlay/Documents/Code/dart_node/examples/mobile/lib/screens/task_list_screen.dart
DA:16,1
DA:17,1
DA:18,0
DA:19,1
DA:22,1
DA:23,1
DA:24,1
DA:25,1
DA:29,1
DA:35,2
DA:36,2
DA:37,2
DA:38,2
DA:39,2
DA:40,2
DA:48,2
DA:49,2
DA:50,1
DA:51,1
DA:52,1
DA:57,2
DA:58,2
DA:59,1
DA:60,1
DA:61,2
DA:62,1
DA:63,1
DA:64,1
DA:65,1
DA:67,1
DA:69,1
DA:71,2
DA:72,1
DA:76,2
DA:77,1
DA:78,1
DA:79,1
DA:80,1
DA:82,2
DA:83,1
DA:84,1
DA:86,2
DA:87,1
DA:88,1
DA:90,2
DA:91,1
DA:94,1
DA:95,1
DA:96,1
DA:97,1
DA:98,1
DA:100,2
DA:101,2
DA:102,2
DA:103,2
DA:105,2
DA:106,2
DA:112,2
DA:113,1
DA:114,1
DA:115,1
DA:117,2
DA:119,2
DA:122,2
DA:124,2
DA:128,2
DA:129,2
DA:130,2
DA:131,2
DA:135,2
DA:138,2
DA:142,2
DA:143,2
DA:144,2
DA:145,2
DA:146,2
DA:147,2
DA:148,2
DA:149,2
DA:150,2
DA:152,2
DA:159,1
DA:168,1
DA:169,1
DA:170,1
DA:180,1
DA:181,2
DA:183,1
DA:191,0
DA:192,0
DA:193,0
DA:194,0
DA:198,0
DA:199,0
DA:201,0
DA:203,0
DA:204,0
DA:206,0
DA:208,0
DA:209,0
DA:214,1
DA:215,1
DA:216,1
DA:217,1
DA:221,1
DA:222,1
DA:223,1
DA:224,1
DA:225,1
DA:226,1
DA:227,1
DA:228,1
DA:229,1
DA:230,1
DA:231,1
DA:234,1
DA:235,1
DA:236,1
DA:237,1
DA:238,1
DA:239,1
DA:240,1
DA:241,1
DA:242,1
DA:246,1
DA:247,2
DA:248,1
DA:249,1
DA:252,1
DA:254,2
DA:261,2
DA:262,2
DA:263,1
DA:264,2
DA:267,2
DA:268,2
DA:270,0
DA:272,2
DA:273,2
DA:274,2
DA:276,2
DA:277,1
DA:278,2
DA:279,1
DA:280,1
DA:281,2
DA:283,2
DA:284,2
DA:285,2
DA:287,1
DA:288,1
DA:289,0
DA:290,0
DA:293,2
DA:294,2
DA:296,1
DA:304,1
DA:305,1
DA:306,1
DA:309,1
DA:310,1
DA:311,1
DA:312,1
DA:313,1
DA:314,1
DA:315,1
DA:316,1
DA:317,1
DA:318,1
DA:319,1
DA:320,2
DA:322,1
DA:323,1
DA:324,1
DA:325,1
DA:327,1
DA:334,1
DA:335,1
DA:336,1
DA:337,1
DA:338,1
DA:339,2
DA:340,1
DA:341,1
DA:342,1
DA:343,2
DA:345,1
DA:346,1
DA:347,1
DA:348,1
DA:350,1
DA:358,1
DA:359,1
DA:360,1
DA:363,1
DA:364,1
DA:365,1
DA:366,1
DA:369,1
DA:370,1
DA:372,0
DA:374,1
DA:375,1
DA:376,1
DA:377,2
DA:379,1
DA:380,1
DA:381,1
DA:382,1
DA:385,1
DA:390,1
DA:391,1
DA:392,1
DA:393,1
DA:394,1
DA:395,2
DA:396,1
DA:397,1
DA:398,1
LF:219
LH:202
end_of_record
SF:/Users/christianfindlay/Documents/Code/dart_node/examples/mobile/lib/websocket.dart
DA:12,1
DA:15,1
DA:18,1
DA:21,1
DA:32,1
DA:37,1
DA:43,1
DA:44,2
DA:45,1
DA:46,2
DA:47,2
DA:48,1
DA:49,1
DA:50,1
DA:51,1
DA:53,1
DA:54,1
DA:56,0
DA:59,1
DA:61,2
DA:62,2
DA:63,1
DA:64,2
DA:65,2
DA:67,2
DA:70,1
DA:71,1
DA:72,1
DA:73,1
LF:29
LH:28
end_of_record
SF:/Users/christianfindlay/Documents/Code/dart_node/examples/mobile/lib/types.dart
DA:5,2
DA:6,2
DA:10,1
DA:11,1
DA:12,1
DA:49,2
DA:50,2
DA:51,1
DA:52,2
DA:55,2
DA:56,2
DA:57,1
DA:58,2
DA:61,2
DA:62,2
DA:63,1
DA:64,2
DA:67,2
DA:69,2
DA:70,2
DA:74,2
DA:75,2
DA:79,2
DA:81,2
DA:82,2
DA:84,2
DA:85,2
DA:88,2
DA:89,2
DA:100,1
DA:101,1
DA:102,1
DA:103,1
DA:106,1
DA:107,1
DA:108,1
DA:109,1
LF:37
LH:37
end_of_record
