SF:/Users/christianfindlay/Documents/Code/dart_node/packages/dart_logging/lib/log_to_console.dart
DA:10,0
DA:13,0
DA:14,0
DA:17,0
DA:18,0
DA:20,0
DA:22,0
DA:23,0
DA:24,0
DA:25,0
DA:26,0
DA:27,0
DA:31,0
DA:32,0
DA:33,0
DA:35,0
DA:37,0
DA:38,0
DA:39,0
DA:44,0
DA:48,0
DA:49,0
LF:22
LH:0
end_of_record
SF:/Users/christianfindlay/Documents/Code/dart_node/packages/dart_logging/lib/logging.dart
DA:5,1
DA:8,1
DA:10,2
DA:11,2
DA:12,2
DA:13,2
DA:19,0
DA:21,0
DA:22,0
DA:23,0
DA:24,0
DA:30,1
DA:31,1
DA:39,1
DA:40,1
DA:48,1
DA:49,1
DA:57,1
DA:58,1
DA:116,1
DA:119,0
DA:131,1
DA:137,1
DA:139,1
DA:140,1
DA:150,1
DA:151,1
DA:156,2
DA:157,5
DA:166,1
DA:174,2
DA:175,1
DA:181,2
DA:182,1
DA:184,2
DA:187,2
DA:188,1
DA:193,1
DA:207,0
DA:216,0
DA:218,0
DA:220,0
DA:225,0
DA:226,0
DA:228,0
DA:229,0
DA:231,0
DA:239,0
DA:240,0
DA:242,0
DA:248,0
DA:249,0
DA:250,0
DA:270,0
DA:276,0
DA:286,1
DA:290,1
DA:297,1
DA:301,1
DA:308,1
DA:312,1
DA:319,1
DA:323,1
DA:330,1
DA:334,1
DA:341,1
DA:345,1
DA:354,3
DA:357,1
DA:358,2
DA:364,1
DA:372,1
DA:373,2
DA:381,1
DA:382,2
DA:384,0
DA:389,1
DA:390,2
DA:392,1
LF:79
LH:55
end_of_record
